<?xml version="1.0" encoding="UTF-8"?>
<!-- Generated by org.testng.reporters.JUnitReportReporter -->
<testsuite hostname="PNQNB0058" failures="0" tests="11" name="testngconcept.InvocationCountConcept" time="0.022" errors="0" timestamp="2022-01-29T15:02:17 IST" skipped="0">
  <testcase classname="testngconcept.InvocationCountConcept" name="homePageHeaderTest" time="0.011"/>
  <system-out/>
  <testcase classname="testngconcept.InvocationCountConcept" name="homePageHeaderTest" time="0.001"/>
  <system-out/>
  <testcase classname="testngconcept.InvocationCountConcept" name="homePageHeaderTest" time="0.001"/>
  <system-out/>
  <testcase classname="testngconcept.InvocationCountConcept" name="homePageHeaderTest" time="0.001"/>
  <system-out/>
  <testcase classname="testngconcept.InvocationCountConcept" name="homePageHeaderTest" time="0.001"/>
  <system-out/>
  <testcase classname="testngconcept.InvocationCountConcept" name="homePageHeaderTest" time="0.001"/>
  <system-out/>
  <testcase classname="testngconcept.InvocationCountConcept" name="homePageHeaderTest" time="0.001"/>
  <system-out/>
  <testcase classname="testngconcept.InvocationCountConcept" name="homePageHeaderTest" time="0.000"/>
  <system-out/>
  <testcase classname="testngconcept.InvocationCountConcept" name="loginTest" time="0.001"/>
  <system-out/>
  <testcase classname="testngconcept.InvocationCountConcept" name="homePageHeaderTest" time="0.002"/>
  <system-out/>
  <testcase classname="testngconcept.InvocationCountConcept" name="homePageHeaderTest" time="0.002"/>
  <system-out/>
</testsuite> <!-- testngconcept.InvocationCountConcept -->
