<?xml version="1.0" encoding="UTF-8"?>
<!-- Generated by org.testng.reporters.JUnitReportReporter -->
<testsuite hostname="PNQNB0058" failures="0" tests="1" name="SeleniumSessions.SingletonPageTest" time="80.083" errors="0" timestamp="2022-04-30T15:20:07 IST" skipped="0">
  <testcase classname="SeleniumSessions.SingletonPageTest" name="titleTest" time="80.083"/>
  <system-out/>
</testsuite> <!-- SeleniumSessions.SingletonPageTest -->
