<?xml version="1.0" encoding="UTF-8"?>
<!-- Generated by org.testng.reporters.JUnitReportReporter -->
<testsuite hostname="PNQNB0058" failures="0" tests="3" name="testngconcept.OrangeHRMTest" time="0.234" errors="0" timestamp="2022-01-29T15:25:45 IST" skipped="0">
  <testcase classname="testngconcept.OrangeHRMTest" name="orangeHRMTitleTest" time="0.020"/>
  <system-out/>
  <testcase classname="testngconcept.OrangeHRMTest" name="orangeHRMLogoTest" time="0.108"/>
  <system-out/>
  <testcase classname="testngconcept.OrangeHRMTest" name="orangeHRMContactButtonTest" time="0.106"/>
  <system-out/>
</testsuite> <!-- testngconcept.OrangeHRMTest -->
