<?xml version="1.0" encoding="UTF-8"?>
<!-- Generated by org.testng.reporters.JUnitReportReporter -->
<testsuite hostname="PNQNB0058" failures="0" tests="4" name="building.ZerocellTest" time="36.762" errors="0" timestamp="2022-03-05T16:40:48 IST" skipped="0">
  <testcase classname="building.ZerocellTest" name="googleSearchTest" time="9.757"/>
  <system-out/>
  <testcase classname="building.ZerocellTest" name="googleSearchTest" time="8.522"/>
  <system-out/>
  <testcase classname="building.ZerocellTest" name="googleSearchTest" time="8.484"/>
  <system-out/>
  <testcase classname="building.ZerocellTest" name="googleSearchTest" time="9.999"/>
  <system-out/>
</testsuite> <!-- building.ZerocellTest -->
