<?xml version="1.0" encoding="UTF-8"?>
<!-- Generated by org.testng.reporters.JUnitReportReporter -->
<testsuite hostname="PNQNB0058" failures="0" tests="2" name="testngconcept.GoogleAppTest" time="0.151" errors="0" timestamp="2022-01-29T15:26:11 IST" skipped="0">
  <testcase classname="testngconcept.GoogleAppTest" name="googleTitleTest" time="0.022"/>
  <system-out/>
  <testcase classname="testngconcept.GoogleAppTest" name="google" time="0.129"/>
  <system-out/>
</testsuite> <!-- testngconcept.GoogleAppTest -->
