<?xml version="1.0" encoding="UTF-8"?>
<!-- Generated by org.testng.reporters.JUnitReportReporter -->
<testsuite hostname="PNQNB0058" failures="0" tests="1" name="SeleniumSessions.FileDownloadChrome" time="13.030" errors="0" timestamp="2022-02-07T17:41:41 IST" skipped="0">
  <testcase classname="SeleniumSessions.FileDownloadChrome" name="fileDownloadTest" time="13.030"/>
  <system-out/>
</testsuite> <!-- SeleniumSessions.FileDownloadChrome -->
