<?xml version="1.0" encoding="UTF-8"?>
<!-- Generated by org.testng.reporters.JUnitReportReporter -->
<testsuite skipped="0" hostname="PNQNB0058" name="testcases.LoginTest" tests="1" failures="0" timestamp="2020-10-30T14:21:11 IST" time="0.007" errors="0">
  <testcase name="validLogin" time="0.007" classname="testcases.LoginTest"/>
  <system-out/>
</testsuite> <!-- testcases.LoginTest -->
